<?xml version="1.0" encoding="UTF-8"?>
<!-- Generated by org.testng.reporters.JUnitReportReporter -->
<testsuite hostname="LAPTOP-BHKF9L3F" failures="0" tests="2" name="banking.testcases.TC_LoginTest_001" time="10.894" errors="0" timestamp="2024-03-12T20:02:00 IST" skipped="0">
  <testcase classname="banking.testcases.TC_LoginTest_001" name="tc_logintest_001" time="5.547"/>
  <testcase classname="banking.testcases.TC_LoginTest_001" name="tc_logintest_001" time="5.347"/>
</testsuite> <!-- banking.testcases.TC_LoginTest_001 -->
