<?xml version="1.0" encoding="UTF-8"?>
<!-- Generated by org.testng.reporters.JUnitReportReporter -->
<testsuite hostname="LAPTOP-BHKF9L3F" failures="0" tests="1" name="banking.testcases.TC_AddNewCust_002" time="12.788" errors="0" timestamp="2024-03-12T20:02:00 IST" skipped="0">
  <testcase classname="banking.testcases.TC_AddNewCust_002" name="addnecust" time="12.788"/>
</testsuite> <!-- banking.testcases.TC_AddNewCust_002 -->
