<?xml version="1.0" encoding="UTF-8"?>
<!-- Generated by org.testng.reporters.JUnitReportReporter -->
<testsuite hostname="LAPTOP-BHKF9L3F" failures="0" tests="4" name="banking.testcases.TC_LoginTest_DP_001" time="30.503" errors="0" timestamp="2024-03-13T09:53:20 IST" skipped="0">
  <testcase classname="banking.testcases.TC_LoginTest_DP_001" name="tc_logintest_Dp" time="12.691"/>
  <testcase classname="banking.testcases.TC_LoginTest_DP_001" name="tc_logintest_Dp" time="6.140"/>
  <testcase classname="banking.testcases.TC_LoginTest_DP_001" name="tc_logintest_Dp" time="5.580"/>
  <testcase classname="banking.testcases.TC_LoginTest_DP_001" name="tc_logintest_Dp" time="6.092"/>
</testsuite> <!-- banking.testcases.TC_LoginTest_DP_001 -->
