<?xml version="1.0" encoding="UTF-8"?>
<!-- Generated by org.testng.reporters.JUnitReportReporter -->
<testsuite hostname="LAPTOP-BHKF9L3F" failures="0" tests="1" name="banking.testcases.TC_LoginTest_001" time="6.084" errors="0" timestamp="2024-03-12T22:09:26 IST" skipped="0">
  <testcase classname="banking.testcases.TC_LoginTest_001" name="tc_logintest_001" time="6.084"/>
</testsuite> <!-- banking.testcases.TC_LoginTest_001 -->
