<?xml version="1.0" encoding="UTF-8"?>
<!-- Generated by org.testng.reporters.JUnitReportReporter -->
<testsuite hostname="LAPTOP-BHKF9L3F" failures="0" tests="4" name="banking.testcases.TC_LoginTest_DP_001" time="28.282" errors="0" timestamp="2024-03-12T22:09:26 IST" skipped="0">
  <testcase classname="banking.testcases.TC_LoginTest_DP_001" name="tc_logintest_Dp" time="5.217"/>
  <testcase classname="banking.testcases.TC_LoginTest_DP_001" name="tc_logintest_Dp" time="5.752"/>
  <testcase classname="banking.testcases.TC_LoginTest_DP_001" name="tc_logintest_Dp" time="12.016"/>
  <testcase classname="banking.testcases.TC_LoginTest_DP_001" name="tc_logintest_Dp" time="5.297"/>
</testsuite> <!-- banking.testcases.TC_LoginTest_DP_001 -->
